<?xml version="1.0" encoding="UTF-8" standalone="no"?>
<testsuite errors="0" failures="0" name="io.cucumber.core.plugin.JUnitFormatter" skipped="0" tests="9" time="38.363">
<testcase classname="Test Login Functionality" name="Check login is successful with valid credentials" time="6.586">
<system-out><![CDATA[Given browser is open1......................................................passed
And user is on login page2..................................................passed
When user enters username and password3.....................................passed
And user clicks on login button4............................................passed
Then user is navigated to the home page5....................................passed
]]></system-out>
</testcase>
<testcase classname="Test Login Functionality with Examples" name="Check login is successful with valid credentials" time="8.841">
<system-out><![CDATA[Given chrome browser is open................................................passed
And user is on testproject login page.......................................passed
When user enters the Raghav and 12345.......................................passed
And user clicks on login button in form.....................................passed
Then user is navigated to the home page6....................................passed
]]></system-out>
</testcase>
<testcase classname="Test Login Functionality with Examples" name="Check login is successful with valid credentials 2" time="3.4">
<system-out><![CDATA[Given chrome browser is open................................................passed
And user is on testproject login page.......................................passed
When user enters the ele and 12345..........................................passed
And user clicks on login button in form.....................................passed
Then user is navigated to the home page6....................................passed
]]></system-out>
</testcase>
<testcase classname="Test Login Functionality with Examples and PF" name="Check login is successful with valid credentials" time="3.551">
<system-out><![CDATA[Given chrome browser is openss..............................................passed
And user is on testproject login pagess.....................................passed
When user enters the Raghav andss 12345.....................................passed
And user clicks on login button in formss...................................passed
Then user is navigated to the homess page6..................................passed
]]></system-out>
</testcase>
<testcase classname="Test Login Functionality with Examples and PF" name="Check login is successful with valid credentials 2" time="3.296">
<system-out><![CDATA[Given chrome browser is openss..............................................passed
And user is on testproject login pagess.....................................passed
When user enters the ele andss 12345........................................passed
And user clicks on login button in formss...................................passed
Then user is navigated to the homess page6..................................passed
]]></system-out>
</testcase>
<testcase classname="Test Login Functionality with Examples and POM" name="Check login is successful with valid credentials" time="3.316">
<system-out><![CDATA[Given chrome browser is opens...............................................passed
And user is on testproject login pages......................................passed
When user enters the Raghav ands 12345......................................passed
And user clicks on login button in forms....................................passed
Then user is navigated to the homes page6...................................passed
]]></system-out>
</testcase>
<testcase classname="Test Login Functionality with Examples and POM" name="Check login is successful with valid credentials 2" time="3.296">
<system-out><![CDATA[Given chrome browser is opens...............................................passed
And user is on testproject login pages......................................passed
When user enters the ele ands 12345.........................................passed
And user clicks on login button in forms....................................passed
Then user is navigated to the homes page6...................................passed
]]></system-out>
</testcase>
<testcase classname="feature to test google search functionality" name="validate google search is working" time="5.864">
<system-out><![CDATA[Given browser is open.......................................................passed
And user is on google search page...........................................passed
When user enters a text in searchbox........................................passed
And hits Enter..............................................................passed
Then user is navigated to search result.....................................passed
]]></system-out>
</testcase>
<testcase classname="feature to test login functionality" name="Check login is successful with valid credentials" time="0.005">
<system-out><![CDATA[Given user is on login page.................................................passed
When user enters username and password......................................passed
And clicks on login button..................................................passed
Then user is navigated to the home page.....................................passed
]]></system-out>
</testcase>
</testsuite>
