<?xml version="1.0" encoding="UTF-8" standalone="no"?>
<testsuite errors="0" failures="0" name="io.cucumber.core.plugin.JUnitFormatter" skipped="0" tests="3" time="17.785">
<testcase classname="Test Login Functionality" name="Check login is successful with valid credentials" time="8.131">
<system-out><![CDATA[Given browser is open1......................................................passed
And user is on login page2..................................................passed
When user enters username and password3.....................................passed
And user clicks on login button4............................................passed
Then user is navigated to the home page5....................................passed
]]></system-out>
</testcase>
<testcase classname="feature to test google search functionality" name="validate google search is working" time="9.438">
<system-out><![CDATA[Given browser is open.......................................................passed
And user is on google search page...........................................passed
When user enters a text in searchbox........................................passed
And hits Enter..............................................................passed
Then user is navigated to search result.....................................passed
]]></system-out>
</testcase>
<testcase classname="feature to test login functionality" name="Check login is successful with valid credentials" time="0.013">
<system-out><![CDATA[Given user is on login page.................................................passed
When user enters username and password......................................passed
And clicks on login button..................................................passed
Then user is navigated to the home page.....................................passed
]]></system-out>
</testcase>
</testsuite>
